[08/29/2022 12:25:27] Debug: Session id: 697dfdcf-ddcf-4837-afc8-57dcb53caec5
[08/29/2022 12:25:27] Debug: Code Processor information: Name :SnowConvert, Version: 7.11.102.0
[08/29/2022 12:25:27] Debug: Getting license
[08/29/2022 12:25:27] Debug: License information
	Status: Failed
	Message: No active license available.
[08/29/2022 12:25:27] Info: Starting to validate parameters
[08/29/2022 12:25:27] Info: Parameters to validate: 
	Execution mode: Conversion
	LICENSE_KEY: a3372138-b87e-4a08-b929-3b48b24c63f1
[08/29/2022 12:25:27] Info: Validation of parameters: Success
[08/29/2022 12:25:27] Debug: Getting code descriptor
[08/29/2022 12:25:27] Debug: Code descriptor information
	Units: 51
	Units type: LOC
	All file bytes: 2141
	All found extensions: .sql,.dml,.ddl,.bteq,.btq,.fl,.fload,.ml,.mload,.mld,.tp,.tpump,.tpt
[08/29/2022 12:25:27] Debug: Calculating fingerprint
[08/29/2022 12:25:27] Debug: Fingerprint information Fingerprint(size=2141,projects=1)
[08/29/2022 12:25:27] Info: Starting to try to validate online license for execution
[08/29/2022 12:25:29] Debug: Getting license
[08/29/2022 12:25:29] Debug: License information
	Status: Failed
	Message: No active license available.
[08/29/2022 12:25:29] Debug: Starting the execution of the controller
[08/29/2022 12:25:30] Debug: Executing the worker: SnowConvert
[08/29/2022 12:25:41] Debug: Finished executing the worker: SnowConvert
[08/29/2022 12:25:43] Info: Controller execution ended
